PRT1
57
110
4 0 4 (160 672 128 ) (192 672 128 ) (192 608 128 ) (160 608 128 ) 
4 0 1 (160 672 192 ) (160 672 128 ) (160 608 128 ) (160 608 192 ) 
4 1 5 (32 672 128 ) (160 672 128 ) (160 608 128 ) (32 608 128 ) 
4 1 2 (32 672 192 ) (32 672 128 ) (32 608 128 ) (32 608 192 ) 
4 2 6 (0 608 128 ) (0 672 128 ) (32 672 128 ) (32 608 128 ) 
4 3 53 (0 0 768 ) (0 0 128 ) (352 0 128 ) (352 0 768 ) 
4 3 10 (0 0 128 ) (0 0 768 ) (0 416 768 ) (0 416 128 ) 
4 3 8 (352 0 128 ) (0 0 128 ) (0 416 128 ) (352 416 128 ) 
4 4 5 (160 672 0 ) (160 608 0 ) (160 608 128 ) (160 672 128 ) 
4 5 7 (160 608 128 ) (32 608 128 ) (32 608 0 ) (160 608 0 ) 
4 5 6 (32 672 0 ) (32 608 0 ) (32 608 128 ) (32 672 128 ) 
4 7 8 (32 416 -128 ) (160 416 -128 ) (160 416 128 ) (32 416 128 ) 
4 8 53 (352 0 128 ) (0 0 128 ) (0 0 -128 ) (352 0 -128 ) 
4 8 10 (0 0 -128 ) (0 0 128 ) (0 416 128 ) (0 416 -128 ) 
4 8 9 (352 0 -128 ) (0 0 -128 ) (0 416 -128 ) (352 416 -128 ) 
4 9 53 (352 0 -896 ) (352 0 -128 ) (0 0 -128 ) (0 0 -896 ) 
4 9 10 (0 0 -896 ) (0 0 -128 ) (0 416 -128 ) (0 416 -896 ) 
4 10 55 (0 0 -896 ) (0 0 768 ) (-160 0 768 ) (-160 0 -896 ) 
4 12 51 (-1424 1024 752 ) (-2048 1024 752 ) (-2048 1024 720 ) (-1424 1024 720 ) 
4 12 50 (-2048 1024 720 ) (-2048 1024 752 ) (-2048 1056 752 ) (-2048 1056 720 ) 
4 12 13 (-1424 1024 720 ) (-2048 1024 720 ) (-2048 1056 720 ) (-1424 1056 720 ) 
4 13 51 (-1424 1024 720 ) (-2048 1024 720 ) (-2048 1024 624 ) (-1424 1024 624 ) 
4 13 50 (-2048 1024 624 ) (-2048 1024 720 ) (-2048 1056 720 ) (-2048 1056 624 ) 
4 13 22 (-1632 1024 624 ) (-2048 1024 624 ) (-2048 1056 624 ) (-1632 1056 624 ) 
4 13 14 (-1424 1024 624 ) (-1632 1024 624 ) (-1632 1056 624 ) (-1424 1056 624 ) 
4 14 51 (-1424 1024 624 ) (-1632 1024 624 ) (-1632 1024 555.109375 ) (-1424 1024 555.109375 ) 
4 14 22 (-1632 1024 555.109375 ) (-1632 1024 624 ) (-1632 1056 624 ) (-1632 1056 555.109375 ) 
4 14 18 (-1552 1024 555.109375 ) (-1632 1024 555.109375 ) (-1632 1056 555.109375 ) (-1552 1056 555.109375 ) 
4 14 17 (-1456 1024 555.109375 ) (-1552 1024 555.109375 ) (-1552 1056 555.109375 ) (-1456 1056 555.109375 ) 
4 14 15 (-1424 1024 555.109375 ) (-1456 1024 555.109375 ) (-1456 1056 555.109375 ) (-1424 1056 555.109375 ) 
4 15 51 (-1424 1024 555.109375 ) (-1456 1024 555.109375 ) (-1456 1024 496 ) (-1424 1024 496 ) 
4 15 23 (-1424 1024 496 ) (-1456 1024 496 ) (-1456 1056 496 ) (-1424 1056 496 ) 
4 15 17 (-1456 1056 496 ) (-1456 1024 496 ) (-1456 1024 555.109375 ) (-1456 1056 555.109375 ) 
4 16 24 (-1456 1424 496 ) (-1456 1328 496 ) (-1552 1328 496 ) (-1552 1424 496 ) 
4 17 51 (-1456 1024 555.109375 ) (-1552 1024 555.109375 ) (-1552 1024 496 ) (-1456 1024 496 ) 
4 17 25 (-1456 1056 496 ) (-1456 1024 496 ) (-1552 1024 496 ) (-1552 1056 496 ) 
4 17 18 (-1552 1056 496 ) (-1552 1024 496 ) (-1552 1024 555.109375 ) (-1552 1056 555.109375 ) 
4 18 51 (-1552 1024 555.109375 ) (-1632 1024 555.109375 ) (-1632 1024 496 ) (-1552 1024 496 ) 
4 18 26 (-1552 1056 496 ) (-1552 1024 496 ) (-1632 1024 496 ) (-1632 1056 496 ) 
4 18 22 (-1632 1056 496 ) (-1632 1024 496 ) (-1632 1024 555.109375 ) (-1632 1056 555.109375 ) 
4 20 21 (-1984 1408 496 ) (-1984 1152 496 ) (-1984 1152 624 ) (-1984 1408 624 ) 
4 22 51 (-1632 1024 624 ) (-2048 1024 624 ) (-2048 1024 496 ) (-1632 1024 496 ) 
4 22 50 (-2048 1024 496 ) (-2048 1024 624 ) (-2048 1056 624 ) (-2048 1056 496 ) 
4 22 33 (-2048 1024 496 ) (-2048 1056 496 ) (-1742.230957 1056 496 ) (-1742.230957 1024 496 ) 
4 22 26 (-1742.230957 1056 496 ) (-1632 1056 496 ) (-1632 1024 496 ) (-1742.230957 1024 496 ) 
4 23 51 (-1424 1024 496 ) (-1456 1024 496 ) (-1456 1024 459.109406 ) (-1424 1024 459.109406 ) 
4 23 27 (-1424 1024 459.109406 ) (-1456 1024 459.109406 ) (-1456 1056 459.109406 ) (-1424 1056 459.109406 ) 
4 23 25 (-1456 1056 459.109406 ) (-1456 1024 459.109406 ) (-1456 1024 496 ) (-1456 1056 496 ) 
4 25 51 (-1456 1024 496 ) (-1552 1024 496 ) (-1552 1024 459.109406 ) (-1456 1024 459.109406 ) 
4 25 27 (-1456 1056 459.109406 ) (-1456 1024 459.109406 ) (-1552 1024 459.109406 ) (-1552 1056 459.109406 ) 
4 25 26 (-1552 1056 459.109406 ) (-1552 1024 459.109406 ) (-1552 1024 496 ) (-1552 1056 496 ) 
4 26 51 (-1552 1024 496 ) (-1742.230957 1024 496 ) (-1742.230957 1024 459.109406 ) (-1552 1024 459.109406 ) 
4 26 33 (-1742.230957 1024 459.109406 ) (-1742.230957 1024 496 ) (-1742.230957 1056 496 ) (-1742.230957 1056 459.109406 ) 
4 26 27 (-1742.230957 1024 459.109406 ) (-1742.230957 1056 459.109406 ) (-1552 1056 459.109406 ) (-1552 1024 459.109406 ) 
4 27 51 (-1424 1024 459.109406 ) (-1742.230957 1024 459.109406 ) (-1742.230957 1024 448 ) (-1424 1024 448 ) 
4 27 33 (-1742.230957 1024 448 ) (-1742.230957 1024 459.109406 ) (-1742.230957 1056 459.109406 ) (-1742.230957 1056 448 ) 
4 27 30 (-1742.230957 1024 448 ) (-1742.230957 1056 448 ) (-1646.230957 1056 448 ) (-1646.230957 1024 448 ) 
4 27 28 (-1646.230957 1056 448 ) (-1424 1056 448 ) (-1424 1024 448 ) (-1646.230957 1024 448 ) 
4 28 51 (-1424 1024 448 ) (-1646.230957 1024 448 ) (-1646.230957 1024 352 ) (-1424 1024 352 ) 
4 28 31 (-1424 1024 352 ) (-1646.230957 1024 352 ) (-1646.230957 1056 352 ) (-1424 1056 352 ) 
4 28 30 (-1646.230957 1056 352 ) (-1646.230957 1024 352 ) (-1646.230957 1024 448 ) (-1646.230957 1056 448 ) 
4 30 51 (-1646.230957 1024 448 ) (-1742.230957 1024 448 ) (-1742.230957 1024 352 ) (-1646.230957 1024 352 ) 
4 30 34 (-1742.230957 1024 352 ) (-1742.230957 1024 448 ) (-1742.230957 1056 448 ) (-1742.230957 1056 352 ) 
4 30 31 (-1646.230957 1024 352 ) (-1742.230957 1024 352 ) (-1742.230957 1056 352 ) (-1646.230957 1056 352 ) 
4 31 51 (-1424 1024 352 ) (-1742.230957 1024 352 ) (-1742.230957 1024 320 ) (-1424 1024 320 ) 
4 31 38 (-1424 1024 320 ) (-1742.230957 1024 320 ) (-1742.230957 1056 320 ) (-1424 1056 320 ) 
4 31 35 (-1742.230957 1056 320 ) (-1742.230957 1024 320 ) (-1742.230957 1024 352 ) (-1742.230957 1056 352 ) 
4 33 51 (-1742.230957 1024 496 ) (-2048 1024 496 ) (-2048 1024 448 ) (-1742.230957 1024 448 ) 
4 33 50 (-2048 1024 448 ) (-2048 1024 496 ) (-2048 1056 496 ) (-2048 1056 448 ) 
4 33 34 (-2048 1024 448 ) (-2048 1056 448 ) (-1742.230957 1056 448 ) (-1742.230957 1024 448 ) 
4 34 51 (-2048 1024 448 ) (-2048 1024 352 ) (-1742.230957 1024 352 ) (-1742.230957 1024 448 ) 
4 34 50 (-2048 1024 352 ) (-2048 1024 448 ) (-2048 1056 448 ) (-2048 1056 352 ) 
4 34 35 (-1742.230957 1056 352 ) (-1742.230957 1024 352 ) (-2048 1024 352 ) (-2048 1056 352 ) 
4 35 51 (-2048 1024 352 ) (-2048 1024 320 ) (-1742.230957 1024 320 ) (-1742.230957 1024 352 ) 
4 35 50 (-2048 1024 320 ) (-2048 1024 352 ) (-2048 1056 352 ) (-2048 1056 320 ) 
4 35 39 (-1744 1024 320 ) (-2048 1024 320 ) (-2048 1056 320 ) (-1744 1056 320 ) 
4 35 38 (-1742.230957 1024 320 ) (-1744 1024 320 ) (-1744 1056 320 ) (-1742.230957 1056 320 ) 
4 38 51 (-1424 1024 320 ) (-1744 1024 320 ) (-1744 1024 256 ) (-1424 1024 256 ) 
4 38 42 (-1424 1024 256 ) (-1744 1024 256 ) (-1744 1056 256 ) (-1424 1056 256 ) 
4 38 41 (-1744 1056 256 ) (-1744 1024 256 ) (-1744 1024 304 ) (-1744 1056 304 ) 
4 38 39 (-1744 1024 304 ) (-1744 1024 320 ) (-1744 1056 320 ) (-1744 1056 304 ) 
4 39 51 (-1744 1024 320 ) (-2048 1024 320 ) (-2048 1024 304 ) (-1744 1024 304 ) 
4 39 50 (-2048 1024 304 ) (-2048 1024 320 ) (-2048 1056 320 ) (-2048 1056 304 ) 
4 39 41 (-2048 1024 304 ) (-2048 1056 304 ) (-1744 1056 304 ) (-1744 1024 304 ) 
4 40 48 (-1983.500000 1408 256 ) (-1856.500000 1408 256 ) (-1856.500000 1152 256 ) (-1983.500000 1152 256 ) 
4 41 51 (-2048 1024 304 ) (-2048 1024 256 ) (-1744 1024 256 ) (-1744 1024 304 ) 
4 41 50 (-2048 1024 256 ) (-2048 1024 304 ) (-2048 1056 304 ) (-2048 1056 256 ) 
4 41 49 (-2048 1024 256 ) (-2048 1056 256 ) (-1856.500000 1056 256 ) (-1856.500000 1024 256 ) 
4 41 42 (-1856.500000 1056 256 ) (-1744 1056 256 ) (-1744 1024 256 ) (-1856.500000 1024 256 ) 
4 42 51 (-1424 1024 256 ) (-1856.500000 1024 256 ) (-1856.500000 1024 224 ) (-1424 1024 224 ) 
4 42 49 (-1856.500000 1024 224 ) (-1856.500000 1024 256 ) (-1856.500000 1056 256 ) (-1856.500000 1056 224 ) 
4 42 46 (-1742.230957 1024 224 ) (-1856.500000 1024 224 ) (-1856.500000 1056 224 ) (-1742.230957 1056 224 ) 
4 42 45 (-1646.230957 1024 224 ) (-1742.230957 1024 224 ) (-1742.230957 1056 224 ) (-1646.230957 1056 224 ) 
4 42 43 (-1424 1024 224 ) (-1646.230957 1024 224 ) (-1646.230957 1056 224 ) (-1424 1056 224 ) 
4 43 51 (-1424 1024 224 ) (-1646.230957 1024 224 ) (-1646.230957 1024 128 ) (-1424 1024 128 ) 
4 43 47 (-1424 1024 128 ) (-1646.230957 1024 128 ) (-1646.230957 1056 128 ) (-1424 1056 128 ) 
4 43 45 (-1646.230957 1056 128 ) (-1646.230957 1024 128 ) (-1646.230957 1024 224 ) (-1646.230957 1056 224 ) 
4 45 51 (-1646.230957 1024 224 ) (-1742.230957 1024 224 ) (-1742.230957 1024 128 ) (-1646.230957 1024 128 ) 
4 45 47 (-1646.230957 1056 128 ) (-1646.230957 1024 128 ) (-1742.230957 1024 128 ) (-1742.230957 1056 128 ) 
4 45 46 (-1742.230957 1056 128 ) (-1742.230957 1024 128 ) (-1742.230957 1024 224 ) (-1742.230957 1056 224 ) 
4 46 51 (-1742.230957 1024 224 ) (-1856.500000 1024 224 ) (-1856.500000 1024 128 ) (-1742.230957 1024 128 ) 
4 46 49 (-1856.500000 1024 128 ) (-1856.500000 1024 224 ) (-1856.500000 1056 224 ) (-1856.500000 1056 128 ) 
4 46 47 (-1856.500000 1024 128 ) (-1856.500000 1056 128 ) (-1742.230957 1056 128 ) (-1742.230957 1024 128 ) 
4 47 51 (-1424 1024 128 ) (-1856.500000 1024 128 ) (-1856.500000 1024 16 ) (-1424 1024 16 ) 
4 47 49 (-1856.500000 1056 16 ) (-1856.500000 1024 16 ) (-1856.500000 1024 128 ) (-1856.500000 1056 128 ) 
4 49 51 (-1856.500000 1024 256 ) (-2048 1024 256 ) (-2048 1024 16 ) (-1856.500000 1024 16 ) 
4 49 50 (-2048 1024 16 ) (-2048 1024 256 ) (-2048 1056 256 ) (-2048 1056 16 ) 
4 50 52 (-2048 1024 16 ) (-2048 1024 752 ) (-2288 1024 752 ) (-2288 1024 16 ) 
4 51 52 (-2048 1024 752 ) (-2048 1024 16 ) (-2048 288 16 ) (-2048 288 752 ) 
4 53 55 (0 0 768 ) (0 0 -896 ) (0 -160 -896 ) (0 -160 768 ) 
