


materialPath: F:\SteamLibrary\SteamApps\common\portal 2\portal2\materials
Loading f:\steamlibrary\steamapps\common\portal 2\sdk_content\maps\instances\p2editor_bts\elevator_entrance.vmf
ConVarRef gpu_level doesn't point to an existing ConVar
fixing up env_cubemap materials on brush sides...
0...1...2...3...4...5...6...7...8...9...100...1...2...3...4...5...6...7...8...9...10Processing areas...done (0)
Building Faces...done (0)
Chop Details...done (0)
Find Visible Detail Sides...
Merged 148 detail faces...done (0)
Merging details...done (0)
FixTjuncs...
PruneNodes...
WriteBSP...
done (0)
writing f:\steamlibrary\steamapps\common\portal 2\sdk_content\maps\instances\p2editor_bts\elevator_entrance.prt...Building visibility clusters...
done (0)
Finding displacement neighbors...
Finding lightmap sample positions...
Displacement Alpha : 0...1...2...3...4...5...6...7...8...9...10
Building Physics collision data...
done (0) (140321 bytes)
Placing detail props : 0...1...2...3...4...5...6...7...8...9...10
Compacting texture/material tables...
Reduced 501 texinfos to 228
Reduced 25 texdatas to 23 (680 bytes to 627)
Writing f:\steamlibrary\steamapps\common\portal 2\sdk_content\maps\instances\p2editor_bts\elevator_entrance.bsp

nummapplanes:     (  2114 / 65536 )
nummapbrushes:    (   372 /  8192 )
nummapbrushsides: (  3044 / 65536 )
num_map_overlays: (     0 /   512 )
nummodels:        (    20 /  1024 )
num_entities:     (   403 / 16384 )

0 seconds elapsed



8 threads
reading f:\steamlibrary\steamapps\common\portal 2\sdk_content\maps\instances\p2editor_bts\elevator_entrance.bsp
reading f:\steamlibrary\steamapps\common\portal 2\sdk_content\maps\instances\p2editor_bts\elevator_entrance.prt
  57 portalclusters
 110 numportals
0...1...2...3...4...5...6...7...8...9...10Optimized: 2 visible clusters (0.00%)
Total clusters visible: 1019
Average clusters visible: 17
Building PAS...
Average clusters audible: 18
visdatasize:1376  compressed from 912
writing f:\steamlibrary\steamapps\common\portal 2\sdk_content\maps\instances\p2editor_bts\elevator_entrance.bsp
0 seconds elapsed



[Reading texlights from 'lights.rad']
[59 texlights parsed from 'lights.rad']

Loading f:\steamlibrary\steamapps\common\portal 2\sdk_content\maps\instances\p2editor_bts\elevator_entrance.bsp
992 faces
2501052 square feet [360151552.00 square inches]
0 Displacements
0 Square Feet [0.00 Square Inches]
992 patches before subdivision
52650 patches after subdivision
29 direct lights
0...1...2...3...4...5...6...7...8...9...100...1...2...3...4...5...6...7...8...9...10transfers 11073228, max 709
transfer lists:  84.5 megs
0...1...2...3...4...5...6...7...8...9...10	Bounce #1 added RGB(12724, 15731, 9068)
0...1...2...3...4...5...6...7...8...9...10	Bounce #2 added RGB(1937, 2183, 1041)
Build Patch/Sample Hash Table(s).....Done<0.0219 sec>
0...1...2...3...4...5...6...7...8...9...10FinalLightFace Done
4 of 4 (100% of) surface lights went in leaf ambient cubes.
0...1...2...3...4...5...6...7...8...9...10Writing leaf ambient...done
Ready to Finish

Object names       Objects/Maxobjs  Memory / Maxmem  Fullness 
------------       ---------------  ---------------  -------- 
models                  20/1024          960/49152    ( 2.0%) 
brushes                372/8192         4464/98304    ( 4.5%) 
brushsides            3093/65536       24744/524288   ( 4.7%) 
planes                2114/65536       42280/1310720  ( 3.2%) 
vertexes              1790/65536       21480/786432   ( 2.7%) 
nodes                  443/65536       14176/2097152  ( 0.7%) 
texinfos               228/12288       16416/884736   ( 1.9%) 
texdata                 23/2048          736/65536    ( 1.1%) 
dispinfos                0/0               0/0        ( 0.0%) 
disp_verts               0/0               0/0        ( 0.0%) 
disp_tris                0/0               0/0        ( 0.0%) 
disp_multiblend          0/0               0/0        ( 0.0%) 
disp_lmsamples           0/0               0/0        ( 0.0%) 
faces                  992/65536       55552/3670016  ( 1.5%) 
hdr faces                0/65536           0/3670016  ( 0.0%) 
origfaces              365/65536       20440/3670016  ( 0.6%) 
facebrushes             32/0              64/0        ( 0.0%) 
facebrushlists         992/0            3968/0        ( 0.0%) 
leaves                 464/65536       14848/2097152  ( 0.7%) 
leaffaces             1588/65536        3176/131072   ( 2.4%) 
leafbrushes            794/65536        1588/131072   ( 1.2%) 
areas                   15/256           120/2048     ( 5.9%) 
surfedges             5749/512000      22996/2048000  ( 1.1%) 
edges                 3265/256000      13060/1024000  ( 1.3%) 
LDR worldlights         29/8192         2900/819200   ( 0.4%) 
HDR worldlights          0/8192            0/819200   ( 0.0%) 
leafwaterdata            0/32768           0/393216   ( 0.0%) 
waterstrips             58/32768         580/327680   ( 0.2%) 
waterverts               0/65536           0/786432   ( 0.0%) 
waterindices          1017/65536        2034/131072   ( 1.6%) 
cubemapsamples           2/1024           32/16384    ( 0.2%) 
overlays                 0/512             0/180224   ( 0.0%) 
LDR lightdata         [variable]     1747284/0        ( 0.0%) 
HDR lightdata         [variable]           0/0        ( 0.0%) 
visdata               [variable]        1376/16777216 ( 0.0%) 
entdata               [variable]      132347/393216   (33.7%) 
LDR ambient table      464/65536        1856/262144   ( 0.7%) 
HDR ambient table      464/65536        1856/262144   ( 0.7%) 
LDR leaf ambient      1142/65536       31976/1835008  ( 1.7%) 
HDR leaf ambient       464/65536       12992/1835008  ( 0.7%) 
occluders                0/0               0/0        ( 0.0%) 
occluder polygons        0/0               0/0        ( 0.0%) 
occluder vert ind        0/0               0/0        ( 0.0%) 
detail props          [variable]           1/12       ( 8.3%) 
static props          [variable]           1/13526    ( 0.0%) 
pakfile               [variable]      223270/0        ( 0.0%) 
physics               [variable]      140321/4194304  ( 3.3%) 
physics terrain       [variable]           2/1048576  ( 0.0%) 

Level flags = 0

Total triangle count: 2305
Writing f:\steamlibrary\steamapps\common\portal 2\sdk_content\maps\instances\p2editor_bts\elevator_entrance.bsp
6 seconds elapsed
